2021-05-23 16:04:00,624 INFO o.a.j.u.JMeterUtils: Setting Locale to en_EN
2021-05-23 16:04:00,653 INFO o.a.j.JMeter: Loading user properties from: /home/kristina/apache-jmeter-5.4.1/bin/user.properties
2021-05-23 16:04:00,657 INFO o.a.j.JMeter: Loading system properties from: /home/kristina/apache-jmeter-5.4.1/bin/system.properties
2021-05-23 16:04:00,675 INFO o.a.j.JMeter: Copyright (c) 1998-2021 The Apache Software Foundation
2021-05-23 16:04:00,677 INFO o.a.j.JMeter: Version 5.4.1
2021-05-23 16:04:00,678 INFO o.a.j.JMeter: java.version=1.8.0_292
2021-05-23 16:04:00,680 INFO o.a.j.JMeter: java.vm.name=OpenJDK 64-Bit Server VM
2021-05-23 16:04:00,682 INFO o.a.j.JMeter: os.name=Linux
2021-05-23 16:04:00,683 INFO o.a.j.JMeter: os.arch=amd64
2021-05-23 16:04:00,684 INFO o.a.j.JMeter: os.version=5.8.0-53-generic
2021-05-23 16:04:00,685 INFO o.a.j.JMeter: file.encoding=UTF-8
2021-05-23 16:04:00,687 INFO o.a.j.JMeter: java.awt.headless=null
2021-05-23 16:04:00,687 INFO o.a.j.JMeter: Max memory     =1073741824
2021-05-23 16:04:00,687 INFO o.a.j.JMeter: Available Processors =2
2021-05-23 16:04:00,696 INFO o.a.j.JMeter: Default Locale=English (EN)
2021-05-23 16:04:00,699 INFO o.a.j.JMeter: JMeter  Locale=English (EN)
2021-05-23 16:04:00,699 INFO o.a.j.JMeter: JMeterHome=/home/kristina/apache-jmeter-5.4.1
2021-05-23 16:04:00,701 INFO o.a.j.JMeter: user.dir  =/home/kristina/Desktop/jmeter-from-chrome-plugin
2021-05-23 16:04:00,702 INFO o.a.j.JMeter: PWD       =/home/kristina/Desktop/jmeter-from-chrome-plugin
2021-05-23 16:04:00,703 INFO o.a.j.JMeter: IP: 127.0.1.1 Name: kristina-VirtualBox FullName: kristina-VirtualBox
2021-05-23 16:04:01,065 INFO o.a.j.JMeter: Setting LAF to: com.github.weisj.darklaf.DarkLaf:com.github.weisj.darklaf.theme.DarculaTheme
2021-05-23 16:04:01,752 INFO o.a.j.JMeter: Loaded icon properties from org/apache/jmeter/images/icon.properties
2021-05-23 16:04:24,134 INFO o.a.j.s.FileServer: Default base='/home/kristina/Desktop/jmeter-from-chrome-plugin'
2021-05-23 16:04:24,144 INFO o.a.j.g.a.Load: Loading file: /home/kristina/Desktop/jmeter-from-chrome-plugin/performance-test/login-logout.jmx
2021-05-23 16:04:24,146 INFO o.a.j.s.FileServer: Set new base='/home/kristina/Desktop/jmeter-from-chrome-plugin/performance-test'
2021-05-23 16:04:24,426 INFO o.a.j.s.SaveService: Testplan (JMX) version: 2.2. Testlog (JTL) version: 2.2
2021-05-23 16:04:24,452 INFO o.a.j.s.SaveService: Using SaveService properties file encoding UTF-8
2021-05-23 16:04:24,454 INFO o.a.j.s.SaveService: Using SaveService properties version 5.0
2021-05-23 16:04:24,460 INFO o.a.j.s.SaveService: Loading file: /home/kristina/Desktop/jmeter-from-chrome-plugin/performance-test/login-logout.jmx
2021-05-23 16:04:24,517 INFO o.a.j.p.h.c.CookieManager: Settings: Delete null: true Check: true Allow variable: true Save: false Prefix: COOKIE_
2021-05-23 16:04:24,522 INFO o.a.j.p.h.c.CacheManager: Will only cache the following methods: [GET]
2021-05-23 16:04:24,533 INFO o.a.j.p.h.s.HTTPSamplerBase: Parser for text/html is org.apache.jmeter.protocol.http.parser.LagartoBasedHtmlParser
2021-05-23 16:04:24,534 INFO o.a.j.p.h.s.HTTPSamplerBase: Parser for application/xhtml+xml is org.apache.jmeter.protocol.http.parser.LagartoBasedHtmlParser
2021-05-23 16:04:24,535 INFO o.a.j.p.h.s.HTTPSamplerBase: Parser for application/xml is org.apache.jmeter.protocol.http.parser.LagartoBasedHtmlParser
2021-05-23 16:04:24,536 INFO o.a.j.p.h.s.HTTPSamplerBase: Parser for text/xml is org.apache.jmeter.protocol.http.parser.LagartoBasedHtmlParser
2021-05-23 16:04:24,538 INFO o.a.j.p.h.s.HTTPSamplerBase: Parser for text/vnd.wap.wml is org.apache.jmeter.protocol.http.parser.RegexpHTMLParser
2021-05-23 16:04:24,539 INFO o.a.j.p.h.s.HTTPSamplerBase: Parser for text/css is org.apache.jmeter.protocol.http.parser.CssParser
2021-05-23 16:04:25,125 INFO o.a.j.s.SampleResult: Note: Sample TimeStamps are START times
2021-05-23 16:04:25,127 INFO o.a.j.s.SampleResult: sampleresult.default.encoding is set to ISO-8859-1
2021-05-23 16:04:25,129 INFO o.a.j.s.SampleResult: sampleresult.useNanoTime=true
2021-05-23 16:04:25,131 INFO o.a.j.s.SampleResult: sampleresult.nanoThreadSleep=5000
2021-05-23 16:04:25,419 INFO o.a.j.v.ViewResultsFullVisualizer: Add JavaFX to your Java installation if you want to use renderer: org.apache.jmeter.visualizers.RenderInBrowser
2021-05-23 16:04:25,593 INFO o.a.j.s.FileServer: Set new base='/home/kristina/Desktop/jmeter-from-chrome-plugin/performance-test'
2021-05-23 16:54:43,669 INFO o.a.j.e.StandardJMeterEngine: Running the test!
2021-05-23 16:54:43,682 INFO o.a.j.s.SampleEvent: List of sample_variables: []
2021-05-23 16:54:43,682 INFO o.a.j.s.SampleEvent: List of sample_variables: []
2021-05-23 16:54:43,687 INFO o.a.j.e.u.CompoundVariable: Note: Function class names must contain the string: '.functions.'
2021-05-23 16:54:43,687 INFO o.a.j.e.u.CompoundVariable: Note: Function class names must not contain the string: '.gui.'
2021-05-23 16:54:44,272 INFO o.a.j.g.u.JMeterMenuBar: setRunning(true, *local*)
2021-05-23 16:54:44,467 INFO o.a.j.e.StandardJMeterEngine: Starting ThreadGroup: 1 : Thread Group
2021-05-23 16:54:44,471 INFO o.a.j.e.StandardJMeterEngine: Starting 1 threads for group Thread Group.
2021-05-23 16:54:44,472 INFO o.a.j.e.StandardJMeterEngine: Thread will continue on error
2021-05-23 16:54:44,473 INFO o.a.j.t.ThreadGroup: Starting thread group... number=1 threads=1 ramp-up=1 delayedStart=false
2021-05-23 16:54:44,502 INFO o.a.j.t.ThreadGroup: Started thread group number 1
2021-05-23 16:54:44,507 INFO o.a.j.e.StandardJMeterEngine: All thread groups have been started
2021-05-23 16:54:44,513 INFO o.a.j.t.JMeterThread: Thread started: Thread Group 1-1
2021-05-23 16:54:44,567 INFO o.a.j.p.h.s.HTTPHCAbstractImpl: Local host = kristina-VirtualBox
2021-05-23 16:54:44,599 INFO o.a.j.p.h.s.HTTPHC4Impl: HTTP request retry count = 0
2021-05-23 16:54:45,345 INFO o.a.j.t.JMeterThread: Thread is done: Thread Group 1-1
2021-05-23 16:54:45,347 INFO o.a.j.t.JMeterThread: Thread finished: Thread Group 1-1
2021-05-23 16:54:45,350 INFO o.a.j.e.StandardJMeterEngine: Notifying test listeners of end of test
2021-05-23 16:54:45,353 INFO o.a.j.g.u.JMeterMenuBar: setRunning(false, *local*)
2021-05-23 19:39:46,664 INFO o.a.j.e.StandardJMeterEngine: Running the test!
2021-05-23 19:39:46,666 INFO o.a.j.s.SampleEvent: List of sample_variables: []
2021-05-23 19:39:46,703 INFO o.a.j.g.u.JMeterMenuBar: setRunning(true, *local*)
2021-05-23 19:39:46,964 INFO o.a.j.e.StandardJMeterEngine: Starting ThreadGroup: 1 : Thread Group
2021-05-23 19:39:46,965 INFO o.a.j.e.StandardJMeterEngine: Starting 1 threads for group Thread Group.
2021-05-23 19:39:46,965 INFO o.a.j.e.StandardJMeterEngine: Thread will continue on error
2021-05-23 19:39:46,965 INFO o.a.j.t.ThreadGroup: Starting thread group... number=1 threads=1 ramp-up=1 delayedStart=false
2021-05-23 19:39:46,969 INFO o.a.j.t.ThreadGroup: Started thread group number 1
2021-05-23 19:39:46,969 INFO o.a.j.e.StandardJMeterEngine: All thread groups have been started
2021-05-23 19:39:46,982 INFO o.a.j.t.JMeterThread: Thread started: Thread Group 1-1
2021-05-23 19:39:47,640 INFO o.a.j.t.JMeterThread: Thread is done: Thread Group 1-1
2021-05-23 19:39:47,641 INFO o.a.j.t.JMeterThread: Thread finished: Thread Group 1-1
2021-05-23 19:39:47,642 INFO o.a.j.e.StandardJMeterEngine: Notifying test listeners of end of test
2021-05-23 19:39:47,643 INFO o.a.j.g.u.JMeterMenuBar: setRunning(false, *local*)
2021-05-23 19:42:27,529 INFO o.a.j.e.StandardJMeterEngine: Running the test!
2021-05-23 19:42:27,530 INFO o.a.j.s.SampleEvent: List of sample_variables: []
2021-05-23 19:42:27,543 INFO o.a.j.g.u.JMeterMenuBar: setRunning(true, *local*)
2021-05-23 19:42:27,758 INFO o.a.j.e.StandardJMeterEngine: Starting ThreadGroup: 1 : Thread Group
2021-05-23 19:42:27,762 INFO o.a.j.e.StandardJMeterEngine: Starting 1 threads for group Thread Group.
2021-05-23 19:42:27,764 INFO o.a.j.e.StandardJMeterEngine: Thread will continue on error
2021-05-23 19:42:27,766 INFO o.a.j.t.ThreadGroup: Starting thread group... number=1 threads=1 ramp-up=1 delayedStart=false
2021-05-23 19:42:27,770 INFO o.a.j.t.ThreadGroup: Started thread group number 1
2021-05-23 19:42:27,773 INFO o.a.j.e.StandardJMeterEngine: All thread groups have been started
2021-05-23 19:42:27,778 INFO o.a.j.t.JMeterThread: Thread started: Thread Group 1-1
2021-05-23 19:42:28,319 INFO o.a.j.t.JMeterThread: Thread is done: Thread Group 1-1
2021-05-23 19:42:28,319 INFO o.a.j.t.JMeterThread: Thread finished: Thread Group 1-1
2021-05-23 19:42:28,321 INFO o.a.j.e.StandardJMeterEngine: Notifying test listeners of end of test
2021-05-23 19:42:28,321 INFO o.a.j.g.u.JMeterMenuBar: setRunning(false, *local*)
2021-05-23 20:05:44,079 INFO o.a.j.e.StandardJMeterEngine: Running the test!
2021-05-23 20:05:44,085 INFO o.a.j.s.SampleEvent: List of sample_variables: []
2021-05-23 20:05:44,113 INFO o.a.j.g.u.JMeterMenuBar: setRunning(true, *local*)
2021-05-23 20:05:44,317 INFO o.a.j.e.StandardJMeterEngine: Starting ThreadGroup: 1 : Thread Group
2021-05-23 20:05:44,318 INFO o.a.j.e.StandardJMeterEngine: Starting 1 threads for group Thread Group.
2021-05-23 20:05:44,320 INFO o.a.j.e.StandardJMeterEngine: Thread will continue on error
2021-05-23 20:05:44,326 INFO o.a.j.t.ThreadGroup: Starting thread group... number=1 threads=1 ramp-up=1 delayedStart=false
2021-05-23 20:05:44,330 INFO o.a.j.t.ThreadGroup: Started thread group number 1
2021-05-23 20:05:44,331 INFO o.a.j.e.StandardJMeterEngine: All thread groups have been started
2021-05-23 20:05:44,341 INFO o.a.j.t.JMeterThread: Thread started: Thread Group 1-1
2021-05-23 20:05:44,887 INFO o.a.j.t.JMeterThread: Thread is done: Thread Group 1-1
2021-05-23 20:05:44,889 INFO o.a.j.t.JMeterThread: Thread finished: Thread Group 1-1
2021-05-23 20:05:44,892 INFO o.a.j.e.StandardJMeterEngine: Notifying test listeners of end of test
2021-05-23 20:05:44,893 INFO o.a.j.g.u.JMeterMenuBar: setRunning(false, *local*)
2021-05-23 20:06:54,339 INFO o.a.j.e.StandardJMeterEngine: Running the test!
2021-05-23 20:06:54,342 INFO o.a.j.s.SampleEvent: List of sample_variables: []
2021-05-23 20:06:54,374 INFO o.a.j.g.u.JMeterMenuBar: setRunning(true, *local*)
2021-05-23 20:06:54,608 INFO o.a.j.e.StandardJMeterEngine: Starting ThreadGroup: 1 : Thread Group
2021-05-23 20:06:54,609 INFO o.a.j.e.StandardJMeterEngine: Starting 1 threads for group Thread Group.
2021-05-23 20:06:54,609 INFO o.a.j.e.StandardJMeterEngine: Thread will continue on error
2021-05-23 20:06:54,609 INFO o.a.j.t.ThreadGroup: Starting thread group... number=1 threads=1 ramp-up=1 delayedStart=false
2021-05-23 20:06:54,619 INFO o.a.j.t.ThreadGroup: Started thread group number 1
2021-05-23 20:06:54,621 INFO o.a.j.e.StandardJMeterEngine: All thread groups have been started
2021-05-23 20:06:54,622 INFO o.a.j.t.JMeterThread: Thread started: Thread Group 1-1
2021-05-23 20:06:55,202 INFO o.a.j.t.JMeterThread: Thread is done: Thread Group 1-1
2021-05-23 20:06:55,203 INFO o.a.j.t.JMeterThread: Thread finished: Thread Group 1-1
2021-05-23 20:06:55,205 INFO o.a.j.e.StandardJMeterEngine: Notifying test listeners of end of test
2021-05-23 20:06:55,206 INFO o.a.j.g.u.JMeterMenuBar: setRunning(false, *local*)
2021-05-23 20:12:48,158 INFO o.a.j.e.StandardJMeterEngine: Running the test!
2021-05-23 20:12:48,159 INFO o.a.j.s.SampleEvent: List of sample_variables: []
2021-05-23 20:12:48,167 INFO o.a.j.g.u.JMeterMenuBar: setRunning(true, *local*)
2021-05-23 20:12:48,351 INFO o.a.j.e.StandardJMeterEngine: Starting ThreadGroup: 1 : Thread Group
2021-05-23 20:12:48,351 INFO o.a.j.e.StandardJMeterEngine: Starting 1 threads for group Thread Group.
2021-05-23 20:12:48,351 INFO o.a.j.e.StandardJMeterEngine: Thread will continue on error
2021-05-23 20:12:48,351 INFO o.a.j.t.ThreadGroup: Starting thread group... number=1 threads=1 ramp-up=1 delayedStart=false
2021-05-23 20:12:48,377 INFO o.a.j.t.ThreadGroup: Started thread group number 1
2021-05-23 20:12:48,377 INFO o.a.j.e.StandardJMeterEngine: All thread groups have been started
2021-05-23 20:12:48,383 INFO o.a.j.t.JMeterThread: Thread started: Thread Group 1-1
2021-05-23 20:12:48,915 INFO o.a.j.t.JMeterThread: Thread is done: Thread Group 1-1
2021-05-23 20:12:48,917 INFO o.a.j.t.JMeterThread: Thread finished: Thread Group 1-1
2021-05-23 20:12:48,920 INFO o.a.j.e.StandardJMeterEngine: Notifying test listeners of end of test
2021-05-23 20:12:48,920 INFO o.a.j.g.u.JMeterMenuBar: setRunning(false, *local*)
2021-05-23 20:17:55,094 INFO o.a.j.e.StandardJMeterEngine: Running the test!
2021-05-23 20:17:55,107 INFO o.a.j.s.SampleEvent: List of sample_variables: []
2021-05-23 20:17:55,115 INFO o.a.j.g.u.JMeterMenuBar: setRunning(true, *local*)
2021-05-23 20:17:55,307 INFO o.a.j.e.StandardJMeterEngine: Starting ThreadGroup: 1 : Thread Group
2021-05-23 20:17:55,312 INFO o.a.j.e.StandardJMeterEngine: Starting 1 threads for group Thread Group.
2021-05-23 20:17:55,314 INFO o.a.j.e.StandardJMeterEngine: Thread will continue on error
2021-05-23 20:17:55,314 INFO o.a.j.t.ThreadGroup: Starting thread group... number=1 threads=1 ramp-up=1 delayedStart=false
2021-05-23 20:17:55,325 INFO o.a.j.t.ThreadGroup: Started thread group number 1
2021-05-23 20:17:55,330 INFO o.a.j.e.StandardJMeterEngine: All thread groups have been started
2021-05-23 20:17:55,343 INFO o.a.j.t.JMeterThread: Thread started: Thread Group 1-1
2021-05-23 20:17:55,875 INFO o.a.j.t.JMeterThread: Thread is done: Thread Group 1-1
2021-05-23 20:17:55,875 INFO o.a.j.t.JMeterThread: Thread finished: Thread Group 1-1
2021-05-23 20:17:55,877 INFO o.a.j.e.StandardJMeterEngine: Notifying test listeners of end of test
2021-05-23 20:17:55,878 INFO o.a.j.g.u.JMeterMenuBar: setRunning(false, *local*)
2021-05-23 20:19:37,281 INFO o.a.j.e.StandardJMeterEngine: Running the test!
2021-05-23 20:19:37,282 INFO o.a.j.s.SampleEvent: List of sample_variables: []
2021-05-23 20:19:37,305 INFO o.a.j.g.u.JMeterMenuBar: setRunning(true, *local*)
2021-05-23 20:19:37,511 INFO o.a.j.e.StandardJMeterEngine: Starting ThreadGroup: 1 : Thread Group
2021-05-23 20:19:37,519 INFO o.a.j.e.StandardJMeterEngine: Starting 1 threads for group Thread Group.
2021-05-23 20:19:37,519 INFO o.a.j.e.StandardJMeterEngine: Thread will continue on error
2021-05-23 20:19:37,519 INFO o.a.j.t.ThreadGroup: Starting thread group... number=1 threads=1 ramp-up=1 delayedStart=false
2021-05-23 20:19:37,523 INFO o.a.j.t.ThreadGroup: Started thread group number 1
2021-05-23 20:19:37,523 INFO o.a.j.e.StandardJMeterEngine: All thread groups have been started
2021-05-23 20:19:37,532 INFO o.a.j.t.JMeterThread: Thread started: Thread Group 1-1
2021-05-23 20:19:38,063 INFO o.a.j.t.JMeterThread: Thread is done: Thread Group 1-1
2021-05-23 20:19:38,065 INFO o.a.j.t.JMeterThread: Thread finished: Thread Group 1-1
2021-05-23 20:19:38,068 INFO o.a.j.e.StandardJMeterEngine: Notifying test listeners of end of test
2021-05-23 20:19:38,069 INFO o.a.j.g.u.JMeterMenuBar: setRunning(false, *local*)
2021-05-23 20:21:38,034 INFO o.a.j.e.StandardJMeterEngine: Running the test!
2021-05-23 20:21:38,034 INFO o.a.j.s.SampleEvent: List of sample_variables: []
2021-05-23 20:21:38,043 INFO o.a.j.g.u.JMeterMenuBar: setRunning(true, *local*)
2021-05-23 20:21:38,212 INFO o.a.j.e.StandardJMeterEngine: Starting ThreadGroup: 1 : Thread Group
2021-05-23 20:21:38,214 INFO o.a.j.e.StandardJMeterEngine: Starting 1 threads for group Thread Group.
2021-05-23 20:21:38,215 INFO o.a.j.e.StandardJMeterEngine: Thread will continue on error
2021-05-23 20:21:38,216 INFO o.a.j.t.ThreadGroup: Starting thread group... number=1 threads=1 ramp-up=1 delayedStart=false
2021-05-23 20:21:38,219 INFO o.a.j.t.ThreadGroup: Started thread group number 1
2021-05-23 20:21:38,220 INFO o.a.j.e.StandardJMeterEngine: All thread groups have been started
2021-05-23 20:21:38,225 INFO o.a.j.t.JMeterThread: Thread started: Thread Group 1-1
2021-05-23 20:21:38,756 INFO o.a.j.t.JMeterThread: Thread is done: Thread Group 1-1
2021-05-23 20:21:38,757 INFO o.a.j.t.JMeterThread: Thread finished: Thread Group 1-1
2021-05-23 20:21:38,758 INFO o.a.j.e.StandardJMeterEngine: Notifying test listeners of end of test
2021-05-23 20:21:38,759 INFO o.a.j.g.u.JMeterMenuBar: setRunning(false, *local*)
2021-05-23 20:26:32,551 INFO o.a.j.e.StandardJMeterEngine: Running the test!
2021-05-23 20:26:32,551 INFO o.a.j.s.SampleEvent: List of sample_variables: []
2021-05-23 20:26:32,556 INFO o.a.j.g.u.JMeterMenuBar: setRunning(true, *local*)
2021-05-23 20:26:32,753 INFO o.a.j.e.StandardJMeterEngine: Starting ThreadGroup: 1 : Thread Group
2021-05-23 20:26:32,755 INFO o.a.j.e.StandardJMeterEngine: Starting 1 threads for group Thread Group.
2021-05-23 20:26:32,756 INFO o.a.j.e.StandardJMeterEngine: Thread will continue on error
2021-05-23 20:26:32,757 INFO o.a.j.t.ThreadGroup: Starting thread group... number=1 threads=1 ramp-up=1 delayedStart=false
2021-05-23 20:26:32,764 INFO o.a.j.t.ThreadGroup: Started thread group number 1
2021-05-23 20:26:32,775 INFO o.a.j.e.StandardJMeterEngine: All thread groups have been started
2021-05-23 20:26:32,778 INFO o.a.j.t.JMeterThread: Thread started: Thread Group 1-1
2021-05-23 20:26:33,318 INFO o.a.j.t.JMeterThread: Thread is done: Thread Group 1-1
2021-05-23 20:26:33,319 INFO o.a.j.t.JMeterThread: Thread finished: Thread Group 1-1
2021-05-23 20:26:33,321 INFO o.a.j.e.StandardJMeterEngine: Notifying test listeners of end of test
2021-05-23 20:26:33,322 INFO o.a.j.g.u.JMeterMenuBar: setRunning(false, *local*)
2021-05-23 20:33:04,648 INFO o.a.j.e.StandardJMeterEngine: Running the test!
2021-05-23 20:33:04,648 INFO o.a.j.s.SampleEvent: List of sample_variables: []
2021-05-23 20:33:04,649 INFO o.a.j.g.u.JMeterMenuBar: setRunning(true, *local*)
2021-05-23 20:33:04,650 INFO o.a.j.e.StandardJMeterEngine: Starting ThreadGroup: 1 : Thread Group
2021-05-23 20:33:04,650 INFO o.a.j.e.StandardJMeterEngine: Starting 1 threads for group Thread Group.
2021-05-23 20:33:04,650 INFO o.a.j.e.StandardJMeterEngine: Thread will continue on error
2021-05-23 20:33:04,650 INFO o.a.j.t.ThreadGroup: Starting thread group... number=1 threads=1 ramp-up=1 delayedStart=false
2021-05-23 20:33:04,651 INFO o.a.j.t.ThreadGroup: Started thread group number 1
2021-05-23 20:33:04,651 INFO o.a.j.e.StandardJMeterEngine: All thread groups have been started
2021-05-23 20:33:04,653 INFO o.a.j.t.JMeterThread: Thread started: Thread Group 1-1
2021-05-23 20:33:05,220 INFO o.a.j.t.JMeterThread: Thread is done: Thread Group 1-1
2021-05-23 20:33:05,221 INFO o.a.j.t.JMeterThread: Thread finished: Thread Group 1-1
2021-05-23 20:33:05,222 INFO o.a.j.e.StandardJMeterEngine: Notifying test listeners of end of test
2021-05-23 20:33:05,222 INFO o.a.j.g.u.JMeterMenuBar: setRunning(false, *local*)
2021-05-23 20:36:18,271 INFO o.a.j.e.StandardJMeterEngine: Running the test!
2021-05-23 20:36:18,271 INFO o.a.j.s.SampleEvent: List of sample_variables: []
2021-05-23 20:36:18,276 INFO o.a.j.g.u.JMeterMenuBar: setRunning(true, *local*)
2021-05-23 20:36:18,434 INFO o.a.j.e.StandardJMeterEngine: Starting ThreadGroup: 1 : Thread Group
2021-05-23 20:36:18,434 INFO o.a.j.e.StandardJMeterEngine: Starting 1 threads for group Thread Group.
2021-05-23 20:36:18,434 INFO o.a.j.e.StandardJMeterEngine: Thread will continue on error
2021-05-23 20:36:18,434 INFO o.a.j.t.ThreadGroup: Starting thread group... number=1 threads=1 ramp-up=1 delayedStart=false
2021-05-23 20:36:18,443 INFO o.a.j.t.ThreadGroup: Started thread group number 1
2021-05-23 20:36:18,443 INFO o.a.j.e.StandardJMeterEngine: All thread groups have been started
2021-05-23 20:36:18,444 INFO o.a.j.t.JMeterThread: Thread started: Thread Group 1-1
2021-05-23 20:36:18,972 INFO o.a.j.t.JMeterThread: Thread is done: Thread Group 1-1
2021-05-23 20:36:18,972 INFO o.a.j.t.JMeterThread: Thread finished: Thread Group 1-1
2021-05-23 20:36:18,975 INFO o.a.j.e.StandardJMeterEngine: Notifying test listeners of end of test
2021-05-23 20:36:18,976 INFO o.a.j.g.u.JMeterMenuBar: setRunning(false, *local*)
2021-05-23 20:44:02,802 INFO o.a.j.e.StandardJMeterEngine: Running the test!
2021-05-23 20:44:02,804 INFO o.a.j.s.SampleEvent: List of sample_variables: []
2021-05-23 20:44:02,806 INFO o.a.j.g.u.JMeterMenuBar: setRunning(true, *local*)
2021-05-23 20:44:02,986 INFO o.a.j.e.StandardJMeterEngine: Starting ThreadGroup: 1 : Thread Group
2021-05-23 20:44:02,988 INFO o.a.j.e.StandardJMeterEngine: Starting 1 threads for group Thread Group.
2021-05-23 20:44:02,989 INFO o.a.j.e.StandardJMeterEngine: Thread will continue on error
2021-05-23 20:44:02,990 INFO o.a.j.t.ThreadGroup: Starting thread group... number=1 threads=1 ramp-up=1 delayedStart=false
2021-05-23 20:44:03,005 INFO o.a.j.t.ThreadGroup: Started thread group number 1
2021-05-23 20:44:03,008 INFO o.a.j.e.StandardJMeterEngine: All thread groups have been started
2021-05-23 20:44:03,015 INFO o.a.j.t.JMeterThread: Thread started: Thread Group 1-1
2021-05-23 20:44:03,559 INFO o.a.j.t.JMeterThread: Thread is done: Thread Group 1-1
2021-05-23 20:44:03,560 INFO o.a.j.t.JMeterThread: Thread finished: Thread Group 1-1
2021-05-23 20:44:03,563 INFO o.a.j.e.StandardJMeterEngine: Notifying test listeners of end of test
2021-05-23 20:44:03,565 INFO o.a.j.g.u.JMeterMenuBar: setRunning(false, *local*)
2021-05-23 20:46:21,187 INFO o.a.j.e.StandardJMeterEngine: Running the test!
2021-05-23 20:46:21,188 INFO o.a.j.s.SampleEvent: List of sample_variables: []
2021-05-23 20:46:21,189 INFO o.a.j.g.u.JMeterMenuBar: setRunning(true, *local*)
2021-05-23 20:46:21,332 INFO o.a.j.e.StandardJMeterEngine: Starting ThreadGroup: 1 : Thread Group
2021-05-23 20:46:21,332 INFO o.a.j.e.StandardJMeterEngine: Starting 1 threads for group Thread Group.
2021-05-23 20:46:21,332 INFO o.a.j.e.StandardJMeterEngine: Thread will continue on error
2021-05-23 20:46:21,334 INFO o.a.j.t.ThreadGroup: Starting thread group... number=1 threads=1 ramp-up=1 delayedStart=false
2021-05-23 20:46:21,354 INFO o.a.j.t.ThreadGroup: Started thread group number 1
2021-05-23 20:46:21,354 INFO o.a.j.e.StandardJMeterEngine: All thread groups have been started
2021-05-23 20:46:21,357 INFO o.a.j.t.JMeterThread: Thread started: Thread Group 1-1
2021-05-23 20:46:21,931 INFO o.a.j.t.JMeterThread: Thread is done: Thread Group 1-1
2021-05-23 20:46:21,932 INFO o.a.j.t.JMeterThread: Thread finished: Thread Group 1-1
2021-05-23 20:46:21,938 INFO o.a.j.e.StandardJMeterEngine: Notifying test listeners of end of test
2021-05-23 20:46:21,938 INFO o.a.j.g.u.JMeterMenuBar: setRunning(false, *local*)
2021-05-23 20:57:49,664 INFO o.a.j.e.StandardJMeterEngine: Running the test!
2021-05-23 20:57:49,668 INFO o.a.j.s.SampleEvent: List of sample_variables: []
2021-05-23 20:57:49,675 INFO o.a.j.g.u.JMeterMenuBar: setRunning(true, *local*)
2021-05-23 20:57:49,914 INFO o.a.j.e.StandardJMeterEngine: Starting ThreadGroup: 1 : Thread Group
2021-05-23 20:57:49,922 INFO o.a.j.e.StandardJMeterEngine: Starting 1 threads for group Thread Group.
2021-05-23 20:57:49,924 INFO o.a.j.e.StandardJMeterEngine: Thread will continue on error
2021-05-23 20:57:49,926 INFO o.a.j.t.ThreadGroup: Starting thread group... number=1 threads=1 ramp-up=1 delayedStart=false
2021-05-23 20:57:49,928 INFO o.a.j.t.ThreadGroup: Started thread group number 1
2021-05-23 20:57:49,930 INFO o.a.j.e.StandardJMeterEngine: All thread groups have been started
2021-05-23 20:57:49,941 INFO o.a.j.t.JMeterThread: Thread started: Thread Group 1-1
2021-05-23 20:57:50,527 INFO o.a.j.t.JMeterThread: Thread is done: Thread Group 1-1
2021-05-23 20:57:50,530 INFO o.a.j.t.JMeterThread: Thread finished: Thread Group 1-1
2021-05-23 20:57:50,535 INFO o.a.j.e.StandardJMeterEngine: Notifying test listeners of end of test
2021-05-23 20:57:50,535 INFO o.a.j.g.u.JMeterMenuBar: setRunning(false, *local*)
2021-05-23 20:58:13,623 INFO o.a.j.e.StandardJMeterEngine: Running the test!
2021-05-23 20:58:13,624 INFO o.a.j.s.SampleEvent: List of sample_variables: []
2021-05-23 20:58:13,626 INFO o.a.j.g.u.JMeterMenuBar: setRunning(true, *local*)
2021-05-23 20:58:13,628 INFO o.a.j.e.StandardJMeterEngine: Starting ThreadGroup: 1 : Thread Group
2021-05-23 20:58:13,628 INFO o.a.j.e.StandardJMeterEngine: Starting 1 threads for group Thread Group.
2021-05-23 20:58:13,628 INFO o.a.j.e.StandardJMeterEngine: Thread will continue on error
2021-05-23 20:58:13,628 INFO o.a.j.t.ThreadGroup: Starting thread group... number=1 threads=1 ramp-up=1 delayedStart=false
2021-05-23 20:58:13,634 INFO o.a.j.t.ThreadGroup: Started thread group number 1
2021-05-23 20:58:13,654 INFO o.a.j.e.StandardJMeterEngine: All thread groups have been started
2021-05-23 20:58:13,657 INFO o.a.j.t.JMeterThread: Thread started: Thread Group 1-1
2021-05-23 20:58:14,242 INFO o.a.j.t.JMeterThread: Thread is done: Thread Group 1-1
2021-05-23 20:58:14,243 INFO o.a.j.t.JMeterThread: Thread finished: Thread Group 1-1
2021-05-23 20:58:14,245 INFO o.a.j.e.StandardJMeterEngine: Notifying test listeners of end of test
2021-05-23 20:58:14,246 INFO o.a.j.g.u.JMeterMenuBar: setRunning(false, *local*)
2021-05-23 21:10:01,218 INFO o.a.j.e.StandardJMeterEngine: Running the test!
2021-05-23 21:10:01,218 INFO o.a.j.s.SampleEvent: List of sample_variables: []
2021-05-23 21:10:01,220 INFO o.a.j.g.u.JMeterMenuBar: setRunning(true, *local*)
2021-05-23 21:10:01,290 INFO o.a.j.e.StandardJMeterEngine: Starting ThreadGroup: 1 : Thread Group
2021-05-23 21:10:01,292 INFO o.a.j.e.StandardJMeterEngine: Starting 1 threads for group Thread Group.
2021-05-23 21:10:01,294 INFO o.a.j.e.StandardJMeterEngine: Thread will continue on error
2021-05-23 21:10:01,295 INFO o.a.j.t.ThreadGroup: Starting thread group... number=1 threads=1 ramp-up=1 delayedStart=false
2021-05-23 21:10:01,304 INFO o.a.j.t.ThreadGroup: Started thread group number 1
2021-05-23 21:10:01,307 INFO o.a.j.e.StandardJMeterEngine: All thread groups have been started
2021-05-23 21:10:01,312 INFO o.a.j.t.JMeterThread: Thread started: Thread Group 1-1
2021-05-23 21:10:01,843 INFO o.a.j.t.JMeterThread: Thread is done: Thread Group 1-1
2021-05-23 21:10:01,843 INFO o.a.j.t.JMeterThread: Thread finished: Thread Group 1-1
2021-05-23 21:10:01,845 INFO o.a.j.e.StandardJMeterEngine: Notifying test listeners of end of test
2021-05-23 21:10:01,846 INFO o.a.j.g.u.JMeterMenuBar: setRunning(false, *local*)
2021-05-23 21:11:57,621 INFO o.a.j.e.StandardJMeterEngine: Running the test!
2021-05-23 21:11:57,623 INFO o.a.j.s.SampleEvent: List of sample_variables: []
2021-05-23 21:11:57,642 INFO o.a.j.g.u.JMeterMenuBar: setRunning(true, *local*)
2021-05-23 21:11:57,858 INFO o.a.j.e.StandardJMeterEngine: Starting ThreadGroup: 1 : Thread Group
2021-05-23 21:11:57,859 INFO o.a.j.e.StandardJMeterEngine: Starting 1 threads for group Thread Group.
2021-05-23 21:11:57,860 INFO o.a.j.e.StandardJMeterEngine: Thread will continue on error
2021-05-23 21:11:57,861 INFO o.a.j.t.ThreadGroup: Starting thread group... number=1 threads=1 ramp-up=1 delayedStart=false
2021-05-23 21:11:57,871 INFO o.a.j.t.ThreadGroup: Started thread group number 1
2021-05-23 21:11:57,871 INFO o.a.j.e.StandardJMeterEngine: All thread groups have been started
2021-05-23 21:11:57,887 INFO o.a.j.t.JMeterThread: Thread started: Thread Group 1-1
2021-05-23 21:11:58,437 INFO o.a.j.t.JMeterThread: Thread is done: Thread Group 1-1
2021-05-23 21:11:58,437 INFO o.a.j.t.JMeterThread: Thread finished: Thread Group 1-1
2021-05-23 21:11:58,439 INFO o.a.j.e.StandardJMeterEngine: Notifying test listeners of end of test
2021-05-23 21:11:58,439 INFO o.a.j.g.u.JMeterMenuBar: setRunning(false, *local*)
2021-05-23 21:18:24,607 INFO o.a.j.e.StandardJMeterEngine: Running the test!
2021-05-23 21:18:24,609 INFO o.a.j.s.SampleEvent: List of sample_variables: []
2021-05-23 21:18:24,612 INFO o.a.j.g.u.JMeterMenuBar: setRunning(true, *local*)
2021-05-23 21:18:24,812 INFO o.a.j.e.StandardJMeterEngine: Starting ThreadGroup: 1 : Thread Group
2021-05-23 21:18:24,814 INFO o.a.j.e.StandardJMeterEngine: Starting 1 threads for group Thread Group.
2021-05-23 21:18:24,814 INFO o.a.j.e.StandardJMeterEngine: Thread will continue on error
2021-05-23 21:18:24,814 INFO o.a.j.t.ThreadGroup: Starting thread group... number=1 threads=1 ramp-up=1 delayedStart=false
2021-05-23 21:18:24,819 INFO o.a.j.t.ThreadGroup: Started thread group number 1
2021-05-23 21:18:24,821 INFO o.a.j.e.StandardJMeterEngine: All thread groups have been started
2021-05-23 21:18:24,823 INFO o.a.j.t.JMeterThread: Thread started: Thread Group 1-1
2021-05-23 21:18:25,353 INFO o.a.j.t.JMeterThread: Thread is done: Thread Group 1-1
2021-05-23 21:18:25,354 INFO o.a.j.t.JMeterThread: Thread finished: Thread Group 1-1
2021-05-23 21:18:25,356 INFO o.a.j.e.StandardJMeterEngine: Notifying test listeners of end of test
2021-05-23 21:18:25,356 INFO o.a.j.g.u.JMeterMenuBar: setRunning(false, *local*)
2021-05-23 21:19:41,092 INFO o.a.j.e.StandardJMeterEngine: Running the test!
2021-05-23 21:19:41,093 INFO o.a.j.s.SampleEvent: List of sample_variables: []
2021-05-23 21:19:41,094 INFO o.a.j.g.u.JMeterMenuBar: setRunning(true, *local*)
2021-05-23 21:19:41,257 INFO o.a.j.e.StandardJMeterEngine: Starting ThreadGroup: 1 : Thread Group
2021-05-23 21:19:41,258 INFO o.a.j.e.StandardJMeterEngine: Starting 1 threads for group Thread Group.
2021-05-23 21:19:41,258 INFO o.a.j.e.StandardJMeterEngine: Thread will continue on error
2021-05-23 21:19:41,258 INFO o.a.j.t.ThreadGroup: Starting thread group... number=1 threads=1 ramp-up=1 delayedStart=false
2021-05-23 21:19:41,261 INFO o.a.j.t.ThreadGroup: Started thread group number 1
2021-05-23 21:19:41,263 INFO o.a.j.e.StandardJMeterEngine: All thread groups have been started
2021-05-23 21:19:41,266 INFO o.a.j.t.JMeterThread: Thread started: Thread Group 1-1
2021-05-23 21:19:41,790 INFO o.a.j.t.JMeterThread: Thread is done: Thread Group 1-1
2021-05-23 21:19:41,791 INFO o.a.j.t.JMeterThread: Thread finished: Thread Group 1-1
2021-05-23 21:19:41,795 INFO o.a.j.e.StandardJMeterEngine: Notifying test listeners of end of test
2021-05-23 21:19:41,795 INFO o.a.j.g.u.JMeterMenuBar: setRunning(false, *local*)
2021-05-23 21:30:06,446 INFO o.a.j.e.StandardJMeterEngine: Running the test!
2021-05-23 21:30:06,448 INFO o.a.j.s.SampleEvent: List of sample_variables: []
2021-05-23 21:30:06,450 INFO o.a.j.g.u.JMeterMenuBar: setRunning(true, *local*)
2021-05-23 21:30:06,451 INFO o.a.j.e.StandardJMeterEngine: Starting ThreadGroup: 1 : Thread Group
2021-05-23 21:30:06,453 INFO o.a.j.e.StandardJMeterEngine: Starting 1 threads for group Thread Group.
2021-05-23 21:30:06,455 INFO o.a.j.e.StandardJMeterEngine: Thread will continue on error
2021-05-23 21:30:06,456 INFO o.a.j.t.ThreadGroup: Starting thread group... number=1 threads=1 ramp-up=1 delayedStart=false
2021-05-23 21:30:06,490 INFO o.a.j.t.ThreadGroup: Started thread group number 1
2021-05-23 21:30:06,496 INFO o.a.j.e.StandardJMeterEngine: All thread groups have been started
2021-05-23 21:30:06,519 INFO o.a.j.t.JMeterThread: Thread started: Thread Group 1-1
2021-05-23 21:30:07,063 INFO o.a.j.t.JMeterThread: Thread is done: Thread Group 1-1
2021-05-23 21:30:07,064 INFO o.a.j.t.JMeterThread: Thread finished: Thread Group 1-1
2021-05-23 21:30:07,066 INFO o.a.j.e.StandardJMeterEngine: Notifying test listeners of end of test
2021-05-23 21:30:07,067 INFO o.a.j.g.u.JMeterMenuBar: setRunning(false, *local*)
2021-05-23 21:30:51,170 INFO o.a.j.e.StandardJMeterEngine: Running the test!
2021-05-23 21:30:51,171 INFO o.a.j.s.SampleEvent: List of sample_variables: []
2021-05-23 21:30:51,172 INFO o.a.j.g.u.JMeterMenuBar: setRunning(true, *local*)
2021-05-23 21:30:51,329 INFO o.a.j.e.StandardJMeterEngine: Starting ThreadGroup: 1 : Thread Group
2021-05-23 21:30:51,330 INFO o.a.j.e.StandardJMeterEngine: Starting 1 threads for group Thread Group.
2021-05-23 21:30:51,331 INFO o.a.j.e.StandardJMeterEngine: Thread will continue on error
2021-05-23 21:30:51,332 INFO o.a.j.t.ThreadGroup: Starting thread group... number=1 threads=1 ramp-up=30 delayedStart=false
2021-05-23 21:30:51,333 INFO o.a.j.t.ThreadGroup: Started thread group number 1
2021-05-23 21:30:51,333 INFO o.a.j.e.StandardJMeterEngine: All thread groups have been started
2021-05-23 21:30:51,335 INFO o.a.j.t.JMeterThread: Thread started: Thread Group 1-1
2021-05-23 21:30:51,861 INFO o.a.j.t.JMeterThread: Thread is done: Thread Group 1-1
2021-05-23 21:30:51,862 INFO o.a.j.t.JMeterThread: Thread finished: Thread Group 1-1
2021-05-23 21:30:51,865 INFO o.a.j.e.StandardJMeterEngine: Notifying test listeners of end of test
2021-05-23 21:30:51,865 INFO o.a.j.g.u.JMeterMenuBar: setRunning(false, *local*)
2021-05-23 21:31:19,409 INFO o.a.j.e.StandardJMeterEngine: Running the test!
2021-05-23 21:31:19,416 INFO o.a.j.s.SampleEvent: List of sample_variables: []
2021-05-23 21:31:19,421 INFO o.a.j.g.u.JMeterMenuBar: setRunning(true, *local*)
2021-05-23 21:31:19,648 INFO o.a.j.e.StandardJMeterEngine: Starting ThreadGroup: 1 : Thread Group
2021-05-23 21:31:19,649 INFO o.a.j.e.StandardJMeterEngine: Starting 1 threads for group Thread Group.
2021-05-23 21:31:19,649 INFO o.a.j.e.StandardJMeterEngine: Thread will continue on error
2021-05-23 21:31:19,649 INFO o.a.j.t.ThreadGroup: Starting thread group... number=1 threads=1 ramp-up=30 delayedStart=false
2021-05-23 21:31:19,649 INFO o.a.j.t.ThreadGroup: Started thread group number 1
2021-05-23 21:31:19,650 INFO o.a.j.e.StandardJMeterEngine: All thread groups have been started
2021-05-23 21:31:19,653 INFO o.a.j.t.JMeterThread: Thread started: Thread Group 1-1
2021-05-23 21:31:24,892 INFO o.a.j.t.JMeterThread: Thread is done: Thread Group 1-1
2021-05-23 21:31:24,892 INFO o.a.j.t.JMeterThread: Thread finished: Thread Group 1-1
2021-05-23 21:31:24,894 INFO o.a.j.e.StandardJMeterEngine: Notifying test listeners of end of test
2021-05-23 21:31:24,895 INFO o.a.j.g.u.JMeterMenuBar: setRunning(false, *local*)
2021-05-23 21:31:52,926 INFO o.a.j.e.StandardJMeterEngine: Running the test!
2021-05-23 21:31:52,927 INFO o.a.j.s.SampleEvent: List of sample_variables: []
2021-05-23 21:31:52,950 INFO o.a.j.g.u.JMeterMenuBar: setRunning(true, *local*)
2021-05-23 21:31:53,021 INFO o.a.j.e.StandardJMeterEngine: Starting ThreadGroup: 1 : Thread Group
2021-05-23 21:31:53,025 INFO o.a.j.e.StandardJMeterEngine: Starting 1 threads for group Thread Group.
2021-05-23 21:31:53,026 INFO o.a.j.e.StandardJMeterEngine: Thread will continue on error
2021-05-23 21:31:53,026 INFO o.a.j.t.ThreadGroup: Starting thread group... number=1 threads=1 ramp-up=30 delayedStart=false
2021-05-23 21:31:53,028 INFO o.a.j.t.ThreadGroup: Started thread group number 1
2021-05-23 21:31:53,029 INFO o.a.j.e.StandardJMeterEngine: All thread groups have been started
2021-05-23 21:31:53,029 INFO o.a.j.t.JMeterThread: Thread started: Thread Group 1-1
2021-05-23 21:31:53,571 INFO o.a.j.t.JMeterThread: Thread is done: Thread Group 1-1
2021-05-23 21:31:53,571 INFO o.a.j.t.JMeterThread: Thread finished: Thread Group 1-1
2021-05-23 21:31:53,574 INFO o.a.j.e.StandardJMeterEngine: Notifying test listeners of end of test
2021-05-23 21:31:53,574 INFO o.a.j.g.u.JMeterMenuBar: setRunning(false, *local*)
2021-05-23 21:39:17,477 INFO o.a.j.e.StandardJMeterEngine: Running the test!
2021-05-23 21:39:17,482 INFO o.a.j.s.SampleEvent: List of sample_variables: []
2021-05-23 21:39:17,493 INFO o.a.j.g.u.JMeterMenuBar: setRunning(true, *local*)
2021-05-23 21:39:17,786 INFO o.a.j.e.StandardJMeterEngine: Starting ThreadGroup: 1 : Thread Group
2021-05-23 21:39:17,786 INFO o.a.j.e.StandardJMeterEngine: Starting 1 threads for group Thread Group.
2021-05-23 21:39:17,787 INFO o.a.j.e.StandardJMeterEngine: Thread will continue on error
2021-05-23 21:39:17,787 INFO o.a.j.t.ThreadGroup: Starting thread group... number=1 threads=1 ramp-up=30 delayedStart=false
2021-05-23 21:39:17,788 INFO o.a.j.t.ThreadGroup: Started thread group number 1
2021-05-23 21:39:17,789 INFO o.a.j.e.StandardJMeterEngine: All thread groups have been started
2021-05-23 21:39:17,792 INFO o.a.j.t.JMeterThread: Thread started: Thread Group 1-1
2021-05-23 21:39:18,330 INFO o.a.j.t.JMeterThread: Thread is done: Thread Group 1-1
2021-05-23 21:39:18,331 INFO o.a.j.t.JMeterThread: Thread finished: Thread Group 1-1
2021-05-23 21:39:18,334 INFO o.a.j.e.StandardJMeterEngine: Notifying test listeners of end of test
2021-05-23 21:39:18,334 INFO o.a.j.g.u.JMeterMenuBar: setRunning(false, *local*)
2021-05-23 21:42:03,238 INFO o.a.j.e.StandardJMeterEngine: Running the test!
2021-05-23 21:42:03,239 INFO o.a.j.s.SampleEvent: List of sample_variables: []
2021-05-23 21:42:03,242 INFO o.a.j.g.u.JMeterMenuBar: setRunning(true, *local*)
2021-05-23 21:42:03,466 INFO o.a.j.e.StandardJMeterEngine: Starting ThreadGroup: 1 : Thread Group
2021-05-23 21:42:03,468 INFO o.a.j.e.StandardJMeterEngine: Starting 1 threads for group Thread Group.
2021-05-23 21:42:03,470 INFO o.a.j.e.StandardJMeterEngine: Thread will continue on error
2021-05-23 21:42:03,471 INFO o.a.j.t.ThreadGroup: Starting thread group... number=1 threads=1 ramp-up=30 delayedStart=false
2021-05-23 21:42:03,481 INFO o.a.j.t.ThreadGroup: Started thread group number 1
2021-05-23 21:42:03,485 INFO o.a.j.e.StandardJMeterEngine: All thread groups have been started
2021-05-23 21:42:03,508 INFO o.a.j.t.JMeterThread: Thread started: Thread Group 1-1
2021-05-23 21:42:05,572 INFO o.a.j.t.JMeterThread: Thread is done: Thread Group 1-1
2021-05-23 21:42:05,574 INFO o.a.j.t.JMeterThread: Thread finished: Thread Group 1-1
2021-05-23 21:42:05,581 INFO o.a.j.e.StandardJMeterEngine: Notifying test listeners of end of test
2021-05-23 21:42:05,583 INFO o.a.j.g.u.JMeterMenuBar: setRunning(false, *local*)
